Build started 5/22/2015 9:40:13 AM.
     1>Project "C:\Users\duehlste001\Documents\GitHub\Jatc-FinalProject\FinalProject_TextBasedAdventure\FinalProject_TextBasedAdventure\FinalProject_TextBasedAdventure.vcxproj" on node 2 (Build target(s)).
     1>ClCompile:
         C:\Program Files (x86)\Microsoft Visual Studio 12.0\VC\bin\CL.exe /c /ZI /nologo /W3 /WX- /sdl /Od /Oy- /D WIN32 /D _DEBUG /D _CONSOLE /D _LIB /D _UNICODE /D UNICODE /Gm /EHsc /RTC1 /MDd /GS /fp:precise /Zc:wchar_t /Zc:forScope /Yu"stdafx.h" /Fp"Debug\FinalProject_TextBasedAdventure.pch" /Fo"Debug\\" /Fd"Debug\vc120.pdb" /Gd /TP /analyze- /errorReport:prompt FinalProject_TextBasedAdventure.cpp
         FinalProject_TextBasedAdventure.cpp
     1>c:\users\duehlste001\documents\github\jatc-finalproject\finalproject_textbasedadventure\finalproject_textbasedadventure\weapons.h(26): warning C4244: 'argument' : conversion from 'time_t' to 'unsigned int', possible loss of data
       Link:
         C:\Program Files (x86)\Microsoft Visual Studio 12.0\VC\bin\link.exe /ERRORREPORT:PROMPT /OUT:"C:\Users\duehlste001\Documents\GitHub\Jatc-FinalProject\FinalProject_TextBasedAdventure\Debug\FinalProject_TextBasedAdventure.exe" /INCREMENTAL /NOLOGO kernel32.lib user32.lib gdi32.lib winspool.lib comdlg32.lib advapi32.lib shell32.lib ole32.lib oleaut32.lib uuid.lib odbc32.lib odbccp32.lib /MANIFEST /MANIFESTUAC:"level='asInvoker' uiAccess='false'" /manifest:embed /DEBUG /PDB:"C:\Users\duehlste001\Documents\GitHub\Jatc-FinalProject\FinalProject_TextBasedAdventure\Debug\FinalProject_TextBasedAdventure.pdb" /SUBSYSTEM:CONSOLE /TLBID:1 /DYNAMICBASE /NXCOMPAT /IMPLIB:"C:\Users\duehlste001\Documents\GitHub\Jatc-FinalProject\FinalProject_TextBasedAdventure\Debug\FinalProject_TextBasedAdventure.lib" /MACHINE:X86 Debug\FinalProject_TextBasedAdventure.obj
         Debug\game.obj
         Debug\stdafx.obj
     1>game.obj : error LNK2005: "public: int __thiscall Player::BowWeaponUse(int,class std::basic_string<char,struct std::char_traits<char>,class std::allocator<char> >)" (?BowWeaponUse@Player@@QAEHHV?$basic_string@DU?$char_traits@D@std@@V?$allocator@D@2@@std@@@Z) already defined in FinalProject_TextBasedAdventure.obj
     1>game.obj : error LNK2005: "public: int __thiscall Player::SwordWeaponUse(int,class std::basic_string<char,struct std::char_traits<char>,class std::allocator<char> >)" (?SwordWeaponUse@Player@@QAEHHV?$basic_string@DU?$char_traits@D@std@@V?$allocator@D@2@@std@@@Z) already defined in FinalProject_TextBasedAdventure.obj
     1>game.obj : error LNK2005: "public: void __thiscall Player::ZeroWeaponUse(int,int)" (?ZeroWeaponUse@Player@@QAEXHH@Z) already defined in FinalProject_TextBasedAdventure.obj
     1>game.obj : error LNK2005: "public: int __thiscall Player::getHealth(void)" (?getHealth@Player@@QAEHXZ) already defined in FinalProject_TextBasedAdventure.obj
     1>game.obj : error LNK2005: "public: int __thiscall Player::getbow(void)" (?getbow@Player@@QAEHXZ) already defined in FinalProject_TextBasedAdventure.obj
     1>game.obj : error LNK2005: "public: int __thiscall Player::getsword(void)" (?getsword@Player@@QAEHXZ) already defined in FinalProject_TextBasedAdventure.obj
     1>game.obj : error LNK2005: "public: int __thiscall Player::gettargetHealth(void)" (?gettargetHealth@Player@@QAEHXZ) already defined in FinalProject_TextBasedAdventure.obj
     1>game.obj : error LNK2005: "public: void __thiscall Player::setBow(int)" (?setBow@Player@@QAEXH@Z) already defined in FinalProject_TextBasedAdventure.obj
     1>game.obj : error LNK2005: "public: void __thiscall Player::setHealth(int)" (?setHealth@Player@@QAEXH@Z) already defined in FinalProject_TextBasedAdventure.obj
     1>game.obj : error LNK2005: "public: void __thiscall Player::setSword(int)" (?setSword@Player@@QAEXH@Z) already defined in FinalProject_TextBasedAdventure.obj
     1>game.obj : error LNK2005: "public: void __thiscall Player::setTargetHealth(int)" (?setTargetHealth@Player@@QAEXH@Z) already defined in FinalProject_TextBasedAdventure.obj
     1>FinalProject_TextBasedAdventure.obj : error LNK2019: unresolved external symbol "public: void __thiscall game::MainMenu(int)" (?MainMenu@game@@QAEXH@Z) referenced in function _wmain
     1>FinalProject_TextBasedAdventure.obj : error LNK2019: unresolved external symbol "public: void __thiscall game::MainGame(int,int,int &,int &)" (?MainGame@game@@QAEXHHAAH0@Z) referenced in function _wmain
     1>C:\Users\duehlste001\Documents\GitHub\Jatc-FinalProject\FinalProject_TextBasedAdventure\Debug\FinalProject_TextBasedAdventure.exe : fatal error LNK1120: 2 unresolved externals
     1>Done Building Project "C:\Users\duehlste001\Documents\GitHub\Jatc-FinalProject\FinalProject_TextBasedAdventure\FinalProject_TextBasedAdventure\FinalProject_TextBasedAdventure.vcxproj" (Build target(s)) -- FAILED.

Build FAILED.

Time Elapsed 00:00:00.48
