c:\users\duehlste001\documents\github\jatc-finalproject\finalproject_textbasedadventure\finalproject_textbasedadventure\debug\finalproject_textbasedadventure.pch
c:\users\duehlste001\documents\github\jatc-finalproject\finalproject_textbasedadventure\finalproject_textbasedadventure\debug\vc120.pdb
c:\users\duehlste001\documents\github\jatc-finalproject\finalproject_textbasedadventure\finalproject_textbasedadventure\debug\vc120.idb
c:\users\duehlste001\documents\github\jatc-finalproject\finalproject_textbasedadventure\finalproject_textbasedadventure\debug\stdafx.obj
c:\users\duehlste001\documents\github\jatc-finalproject\finalproject_textbasedadventure\finalproject_textbasedadventure\debug\game.obj
c:\users\duehlste001\documents\github\jatc-finalproject\finalproject_textbasedadventure\finalproject_textbasedadventure\debug\finalproject_textbasedadventure.obj
c:\users\duehlste001\documents\github\jatc-finalproject\finalproject_textbasedadventure\debug\finalproject_textbasedadventure.ilk
c:\users\duehlste001\documents\github\jatc-finalproject\finalproject_textbasedadventure\debug\finalproject_textbasedadventure.exe
c:\users\duehlste001\documents\github\jatc-finalproject\finalproject_textbasedadventure\debug\finalproject_textbasedadventure.pdb
c:\users\duehlste001\documents\github\jatc-finalproject\finalproject_textbasedadventure\finalproject_textbasedadventure\debug\finalpro.ef28999c.tlog\cl.command.1.tlog
c:\users\duehlste001\documents\github\jatc-finalproject\finalproject_textbasedadventure\finalproject_textbasedadventure\debug\finalpro.ef28999c.tlog\cl.read.1.tlog
c:\users\duehlste001\documents\github\jatc-finalproject\finalproject_textbasedadventure\finalproject_textbasedadventure\debug\finalpro.ef28999c.tlog\cl.write.1.tlog
c:\users\duehlste001\documents\github\jatc-finalproject\finalproject_textbasedadventure\finalproject_textbasedadventure\debug\finalpro.ef28999c.tlog\link-cvtres.read.1.tlog
c:\users\duehlste001\documents\github\jatc-finalproject\finalproject_textbasedadventure\finalproject_textbasedadventure\debug\finalpro.ef28999c.tlog\link-cvtres.write.1.tlog
c:\users\duehlste001\documents\github\jatc-finalproject\finalproject_textbasedadventure\finalproject_textbasedadventure\debug\finalpro.ef28999c.tlog\link-rc.read.1.tlog
c:\users\duehlste001\documents\github\jatc-finalproject\finalproject_textbasedadventure\finalproject_textbasedadventure\debug\finalpro.ef28999c.tlog\link-rc.write.1.tlog
c:\users\duehlste001\documents\github\jatc-finalproject\finalproject_textbasedadventure\finalproject_textbasedadventure\debug\finalpro.ef28999c.tlog\link.6452-cvtres.read.1.tlog
c:\users\duehlste001\documents\github\jatc-finalproject\finalproject_textbasedadventure\finalproject_textbasedadventure\debug\finalpro.ef28999c.tlog\link.6452-cvtres.write.1.tlog
c:\users\duehlste001\documents\github\jatc-finalproject\finalproject_textbasedadventure\finalproject_textbasedadventure\debug\finalpro.ef28999c.tlog\link.6452-rc.read.1.tlog
c:\users\duehlste001\documents\github\jatc-finalproject\finalproject_textbasedadventure\finalproject_textbasedadventure\debug\finalpro.ef28999c.tlog\link.6452-rc.write.1.tlog
c:\users\duehlste001\documents\github\jatc-finalproject\finalproject_textbasedadventure\finalproject_textbasedadventure\debug\finalpro.ef28999c.tlog\link.6452.read.1.tlog
c:\users\duehlste001\documents\github\jatc-finalproject\finalproject_textbasedadventure\finalproject_textbasedadventure\debug\finalpro.ef28999c.tlog\link.6452.write.1.tlog
c:\users\duehlste001\documents\github\jatc-finalproject\finalproject_textbasedadventure\finalproject_textbasedadventure\debug\finalpro.ef28999c.tlog\link.command.1.tlog
c:\users\duehlste001\documents\github\jatc-finalproject\finalproject_textbasedadventure\finalproject_textbasedadventure\debug\finalpro.ef28999c.tlog\link.read.1.tlog
c:\users\duehlste001\documents\github\jatc-finalproject\finalproject_textbasedadventure\finalproject_textbasedadventure\debug\finalpro.ef28999c.tlog\link.write.1.tlog
